[2026-06-07 11:09:20,453] INFO django.utils.autoreload Watching for file changes with StatReloader
[2026-06-07 11:09:40,160] WARNING django.request Not Found: /
[2026-06-07 11:09:46,027] ERROR django.request Internal Server Error: /login/
Traceback (most recent call last):
  File "C:\Users\sabeh\Downloads\hopeschool_project (2)\hopeschool\venv\Lib\site-packages\django\core\handlers\exception.py", line 55, in inner
    response = get_response(request)
  File "C:\Users\sabeh\Downloads\hopeschool_project (2)\hopeschool\venv\Lib\site-packages\django\core\handlers\base.py", line 198, in _get_response
    response = wrapped_callback(request, *callback_args, **callback_kwargs)
  File "C:\Users\sabeh\Downloads\hopeschool_project (2)\hopeschool\earlywarning\views.py", line 26, in login_view
    form = LoginForm(request, data=request.POST or None)
TypeError: BaseForm.__init__() got multiple values for argument 'data'
[2026-06-07 11:09:46,168] WARNING django.request Not Found: /favicon.ico
[2026-06-07 11:09:58,095] ERROR django.request Internal Server Error: /login/
Traceback (most recent call last):
  File "C:\Users\sabeh\Downloads\hopeschool_project (2)\hopeschool\venv\Lib\site-packages\django\core\handlers\exception.py", line 55, in inner
    response = get_response(request)
  File "C:\Users\sabeh\Downloads\hopeschool_project (2)\hopeschool\venv\Lib\site-packages\django\core\handlers\base.py", line 198, in _get_response
    response = wrapped_callback(request, *callback_args, **callback_kwargs)
  File "C:\Users\sabeh\Downloads\hopeschool_project (2)\hopeschool\earlywarning\views.py", line 26, in login_view
    form = LoginForm(request, data=request.POST or None)
TypeError: BaseForm.__init__() got multiple values for argument 'data'
[2026-06-07 11:10:09,363] WARNING django.request Not Found: /
[2026-06-07 11:10:25,946] ERROR django.request Internal Server Error: /login/
Traceback (most recent call last):
  File "C:\Users\sabeh\Downloads\hopeschool_project (2)\hopeschool\venv\Lib\site-packages\django\core\handlers\exception.py", line 55, in inner
    response = get_response(request)
  File "C:\Users\sabeh\Downloads\hopeschool_project (2)\hopeschool\venv\Lib\site-packages\django\core\handlers\base.py", line 198, in _get_response
    response = wrapped_callback(request, *callback_args, **callback_kwargs)
  File "C:\Users\sabeh\Downloads\hopeschool_project (2)\hopeschool\earlywarning\views.py", line 26, in login_view
    form = LoginForm(request, data=request.POST or None)
TypeError: BaseForm.__init__() got multiple values for argument 'data'
[2026-06-07 11:12:46,275] INFO django.utils.autoreload C:\Users\sabeh\Downloads\hopeschool_project (2)\hopeschool\earlywarning\views.py changed, reloading.
[2026-06-07 11:12:46,691] INFO django.utils.autoreload Watching for file changes with StatReloader
[2026-06-07 11:12:50,925] INFO django.utils.autoreload C:\Users\sabeh\Downloads\hopeschool_project (2)\hopeschool\earlywarning\views.py changed, reloading.
[2026-06-07 11:12:51,284] INFO django.utils.autoreload Watching for file changes with StatReloader
[2026-06-07 11:12:54,483] INFO django.utils.autoreload C:\Users\sabeh\Downloads\hopeschool_project (2)\hopeschool\earlywarning\views.py changed, reloading.
[2026-06-07 11:12:54,835] INFO django.utils.autoreload Watching for file changes with StatReloader
[2026-06-07 11:13:01,233] INFO django.utils.autoreload C:\Users\sabeh\Downloads\hopeschool_project (2)\hopeschool\earlywarning\views.py changed, reloading.
[2026-06-07 11:13:01,605] INFO django.utils.autoreload Watching for file changes with StatReloader
[2026-06-07 11:13:03,897] INFO django.utils.autoreload C:\Users\sabeh\Downloads\hopeschool_project (2)\hopeschool\earlywarning\views.py changed, reloading.
[2026-06-07 11:13:04,307] INFO django.utils.autoreload Watching for file changes with StatReloader
[2026-06-07 11:13:14,815] INFO django.utils.autoreload C:\Users\sabeh\Downloads\hopeschool_project (2)\hopeschool\earlywarning\views.py changed, reloading.
[2026-06-07 11:13:15,194] INFO django.utils.autoreload Watching for file changes with StatReloader
[2026-06-07 11:13:37,961] ERROR django.request Internal Server Error: /login/
Traceback (most recent call last):
  File "C:\Users\sabeh\Downloads\hopeschool_project (2)\hopeschool\venv\Lib\site-packages\django\core\handlers\exception.py", line 55, in inner
    response = get_response(request)
  File "C:\Users\sabeh\Downloads\hopeschool_project (2)\hopeschool\venv\Lib\site-packages\django\core\handlers\base.py", line 198, in _get_response
    response = wrapped_callback(request, *callback_args, **callback_kwargs)
  File "C:\Users\sabeh\Downloads\hopeschool_project (2)\hopeschool\earlywarning\views.py", line 28, in login_view
    user = form.get_user()
           ^^^^^^^^^^^^^
AttributeError: 'LoginForm' object has no attribute 'get_user'
[2026-06-07 11:15:23,411] ERROR django.request Internal Server Error: /login/
Traceback (most recent call last):
  File "C:\Users\sabeh\Downloads\hopeschool_project (2)\hopeschool\venv\Lib\site-packages\django\core\handlers\exception.py", line 55, in inner
    response = get_response(request)
  File "C:\Users\sabeh\Downloads\hopeschool_project (2)\hopeschool\venv\Lib\site-packages\django\core\handlers\base.py", line 198, in _get_response
    response = wrapped_callback(request, *callback_args, **callback_kwargs)
  File "C:\Users\sabeh\Downloads\hopeschool_project (2)\hopeschool\earlywarning\views.py", line 28, in login_view
    user = form.get_user()
           ^^^^^^^^^^^^^
AttributeError: 'LoginForm' object has no attribute 'get_user'
[2026-06-07 11:16:57,529] INFO django.utils.autoreload C:\Users\sabeh\Downloads\hopeschool_project (2)\hopeschool\earlywarning\views.py changed, reloading.
[2026-06-07 11:16:58,164] INFO django.utils.autoreload Watching for file changes with StatReloader
[2026-06-07 11:17:00,671] INFO django.utils.autoreload C:\Users\sabeh\Downloads\hopeschool_project (2)\hopeschool\earlywarning\views.py changed, reloading.
[2026-06-07 11:17:01,267] INFO django.utils.autoreload Watching for file changes with StatReloader
[2026-06-07 11:19:13,122] ERROR django.request Internal Server Error: /students/20/ai-analysis/
Traceback (most recent call last):
  File "C:\Users\sabeh\Downloads\hopeschool_project (2)\hopeschool\venv\Lib\site-packages\django\core\handlers\exception.py", line 55, in inner
    response = get_response(request)
  File "C:\Users\sabeh\Downloads\hopeschool_project (2)\hopeschool\venv\Lib\site-packages\django\core\handlers\base.py", line 198, in _get_response
    response = wrapped_callback(request, *callback_args, **callback_kwargs)
  File "C:\Users\sabeh\Downloads\hopeschool_project (2)\hopeschool\venv\Lib\site-packages\django\contrib\auth\decorators.py", line 59, in _view_wrapper
    return view_func(request, *args, **kwargs)
  File "C:\Users\sabeh\Downloads\hopeschool_project (2)\hopeschool\earlywarning\permissions.py", line 32, in wrapper
    return view_func(request, *args, **kwargs)
  File "C:\Users\sabeh\Downloads\hopeschool_project (2)\hopeschool\earlywarning\views.py", line 426, in ai_analysis
    return render(request, 'earlywarning/ai_analysis.html', {
        'student':   student,
    ...<3 lines>...
        'latest':    latest,
    })
  File "C:\Users\sabeh\Downloads\hopeschool_project (2)\hopeschool\venv\Lib\site-packages\django\shortcuts.py", line 25, in render
    content = loader.render_to_string(template_name, context, request, using=using)
  File "C:\Users\sabeh\Downloads\hopeschool_project (2)\hopeschool\venv\Lib\site-packages\django\template\loader.py", line 61, in render_to_string
    template = get_template(template_name, using=using)
  File "C:\Users\sabeh\Downloads\hopeschool_project (2)\hopeschool\venv\Lib\site-packages\django\template\loader.py", line 15, in get_template
    return engine.get_template(template_name)
           ~~~~~~~~~~~~~~~~~~~^^^^^^^^^^^^^^^
  File "C:\Users\sabeh\Downloads\hopeschool_project (2)\hopeschool\venv\Lib\site-packages\django\template\backends\django.py", line 79, in get_template
    return Template(self.engine.get_template(template_name), self)
                    ~~~~~~~~~~~~~~~~~~~~~~~~^^^^^^^^^^^^^^^
  File "C:\Users\sabeh\Downloads\hopeschool_project (2)\hopeschool\venv\Lib\site-packages\django\template\engine.py", line 186, in get_template
    template, origin = self.find_template(template_name)
                       ~~~~~~~~~~~~~~~~~~^^^^^^^^^^^^^^^
  File "C:\Users\sabeh\Downloads\hopeschool_project (2)\hopeschool\venv\Lib\site-packages\django\template\engine.py", line 159, in find_template
    template = loader.get_template(name, skip=skip)
  File "C:\Users\sabeh\Downloads\hopeschool_project (2)\hopeschool\venv\Lib\site-packages\django\template\loaders\cached.py", line 57, in get_template
    template = super().get_template(template_name, skip)
  File "C:\Users\sabeh\Downloads\hopeschool_project (2)\hopeschool\venv\Lib\site-packages\django\template\loaders\base.py", line 28, in get_template
    return Template(
        contents,
    ...<2 lines>...
        self.engine,
    )
  File "C:\Users\sabeh\Downloads\hopeschool_project (2)\hopeschool\venv\Lib\site-packages\django\template\base.py", line 157, in __init__
    self.nodelist = self.compile_nodelist()
                    ~~~~~~~~~~~~~~~~~~~~~^^
  File "C:\Users\sabeh\Downloads\hopeschool_project (2)\hopeschool\venv\Lib\site-packages\django\template\base.py", line 199, in compile_nodelist
    nodelist = parser.parse()
  File "C:\Users\sabeh\Downloads\hopeschool_project (2)\hopeschool\venv\Lib\site-packages\django\template\base.py", line 585, in parse
    raise self.error(token, e)
  File "C:\Users\sabeh\Downloads\hopeschool_project (2)\hopeschool\venv\Lib\site-packages\django\template\base.py", line 583, in parse
    compiled_result = compile_func(self, token)
  File "C:\Users\sabeh\Downloads\hopeschool_project (2)\hopeschool\venv\Lib\site-packages\django\template\loader_tags.py", line 307, in do_extends
    nodelist = parser.parse()
  File "C:\Users\sabeh\Downloads\hopeschool_project (2)\hopeschool\venv\Lib\site-packages\django\template\base.py", line 585, in parse
    raise self.error(token, e)
  File "C:\Users\sabeh\Downloads\hopeschool_project (2)\hopeschool\venv\Lib\site-packages\django\template\base.py", line 583, in parse
    compiled_result = compile_func(self, token)
  File "C:\Users\sabeh\Downloads\hopeschool_project (2)\hopeschool\venv\Lib\site-packages\django\template\loader_tags.py", line 235, in do_block
    nodelist = parser.parse(("endblock",))
  File "C:\Users\sabeh\Downloads\hopeschool_project (2)\hopeschool\venv\Lib\site-packages\django\template\base.py", line 556, in parse
    raise self.error(token, e)
  File "C:\Users\sabeh\Downloads\hopeschool_project (2)\hopeschool\venv\Lib\site-packages\django\template\base.py", line 554, in parse
    filter_expression = self.compile_filter(token.contents)
  File "C:\Users\sabeh\Downloads\hopeschool_project (2)\hopeschool\venv\Lib\site-packages\django\template\base.py", line 676, in compile_filter
    return FilterExpression(token, self)
  File "C:\Users\sabeh\Downloads\hopeschool_project (2)\hopeschool\venv\Lib\site-packages\django\template\base.py", line 771, in __init__
    filter_func = parser.find_filter(filter_name)
  File "C:\Users\sabeh\Downloads\hopeschool_project (2)\hopeschool\venv\Lib\site-packages\django\template\base.py", line 682, in find_filter
    raise TemplateSyntaxError("Invalid filter: '%s'" % filter_name)
django.template.exceptions.TemplateSyntaxError: Template: C:\Users\sabeh\Downloads\hopeschool_project (2)\hopeschool\earlywarning\templates\earlywarning\ai_analysis.html, Invalid filter: 'replace'
[2026-06-07 18:49:37,211] INFO django.utils.autoreload Watching for file changes with StatReloader
[2026-06-07 18:50:00,055] WARNING django.request Not Found: /favicon.ico
[2026-06-09 15:01:15,658] INFO django.utils.autoreload Watching for file changes with StatReloader
[2026-06-09 15:02:33,005] INFO django.utils.autoreload Watching for file changes with StatReloader
[2026-06-09 15:02:49,518] WARNING django.request Not Found: /
[2026-06-09 15:02:49,599] WARNING django.request Not Found: /favicon.ico
[2026-06-09 15:02:59,238] WARNING django.request Not Found: /accounts/login*
[2026-06-09 16:09:34,988] INFO django.utils.autoreload Watching for file changes with StatReloader
[2026-06-09 23:09:28,806] INFO django.utils.autoreload Watching for file changes with StatReloader
[2026-06-09 23:09:42,515] WARNING django.request Not Found: /
[2026-06-10 04:24:11,035] INFO django.utils.autoreload Watching for file changes with StatReloader
[2026-06-10 04:24:33,542] WARNING django.request Not Found: /favicon.ico
[2026-06-10 05:16:14,482] INFO django.utils.autoreload Watching for file changes with StatReloader
[2026-06-10 09:08:39,961] INFO django.utils.autoreload C:\Users\sabeh\Downloads\hopeschool_project\hopeschool\earlywarning\services.py changed, reloading.
[2026-06-10 09:08:41,300] INFO django.utils.autoreload Watching for file changes with StatReloader
